<?xml version="1.0" encoding="UTF-8"?>
<!-- Generated by org.testng.reporters.JUnitReportReporter -->
<testsuite hostname="LAPTOP-U26I5VOP" failures="0" tests="3" name="TestCases.InventoryPageTest" time="8.008" errors="0" timestamp="2022-10-17T09:02:45 IST" skipped="2">
  <testcase classname="TestCases.InventoryPageTest" name="add6ProductTest" time="8.008"/>
  <system-out/>
  <testcase classname="TestCases.InventoryPageTest" name="verifybigLogoTest">
    <skipped/>
  </testcase> <!-- verifybigLogoTest -->
  <system-out/>
  <testcase classname="TestCases.InventoryPageTest" name="verifySmallLogoTest">
    <skipped/>
  </testcase> <!-- verifySmallLogoTest -->
  <system-out/>
</testsuite> <!-- TestCases.InventoryPageTest -->
